[    0.000000] Initializing cgroup subsys cpuset
[    0.000000] Initializing cgroup subsys cpu
[    0.000000] Initializing cgroup subsys cpuacct
[    0.000000] Linux version 4.4.0-75-generic (buildd@lgw01-21) (gcc version 5.4.0 20160609 (Ubuntu 5.4.0-6ubuntu1~16.04.4) ) #96-Ubuntu SMP Thu Apr 20 09:56:33 UTC 2017 (Ubuntu 4.4.0-75.96-generic 4.4.59)
[    0.000000] Command line: BOOT_IMAGE=/boot/vmlinuz-4.4.0-75-generic root=LABEL=cloudimg-rootfs ro console=tty1 console=ttyS0
[    0.000000] KERNEL supported cpus:
[    0.000000]   Intel GenuineIntel
[    0.000000]   AMD AuthenticAMD
[    0.000000]   Centaur CentaurHauls
[    0.000000] x86/fpu: xstate_offset[2]:  576, xstate_sizes[2]:  256
[    0.000000] x86/fpu: Supporting XSAVE feature 0x01: 'x87 floating point registers'
[    0.000000] x86/fpu: Supporting XSAVE feature 0x02: 'SSE registers'
[    0.000000] x86/fpu: Supporting XSAVE feature 0x04: 'AVX registers'
[    0.000000] x86/fpu: Enabled xstate features 0x7, context size is 832 bytes, using 'standard' format.
[    0.000000] x86/fpu: Using 'lazy' FPU context switches.
[    0.000000] e820: BIOS-provided physical RAM map:
[    0.000000] BIOS-e820: [mem 0x0000000000000000-0x000000000009fbff] usable
[    0.000000] BIOS-e820: [mem 0x000000000009fc00-0x000000000009ffff] reserved
[    0.000000] BIOS-e820: [mem 0x00000000000f0000-0x00000000000fffff] reserved
[    0.000000] BIOS-e820: [mem 0x0000000000100000-0x000000003ffeffff] usable
[    0.000000] BIOS-e820: [mem 0x000000003fff0000-0x000000003fffffff] ACPI data
[    0.000000] BIOS-e820: [mem 0x00000000fec00000-0x00000000fec00fff] reserved
[    0.000000] BIOS-e820: [mem 0x00000000fee00000-0x00000000fee00fff] reserved
[    0.000000] BIOS-e820: [mem 0x00000000fffc0000-0x00000000ffffffff] reserved
[    0.000000] NX (Execute Disable) protection: active
[    0.000000] SMBIOS 2.5 present.
[    0.000000] Hypervisor detected: KVM
[    0.000000] e820: last_pfn = 0x3fff0 max_arch_pfn = 0x400000000
[    0.000000] MTRR: Disabled
[    0.000000] x86/PAT: MTRRs disabled, skipping PAT initialization too.
[    0.000000] x86/PAT: Configuration [0-7]: WB  WT  UC- UC  WB  WT  UC- UC  
[    0.000000] CPU MTRRs all blank - virtualized system.
[    0.000000] found SMP MP-table at [mem 0x0009fff0-0x0009ffff] mapped at [ffff88000009fff0]
[    0.000000] Scanning 1 areas for low memory corruption
[    0.000000] RAMDISK: [mem 0x36ac8000-0x3755bfff]
[    0.000000] ACPI: Early table checksum verification disabled
[    0.000000] ACPI: RSDP 0x00000000000E0000 000024 (v02 VBOX  )
[    0.000000] ACPI: XSDT 0x000000003FFF0030 00003C (v01 VBOX   VBOXXSDT 00000001 ASL  00000061)
[    0.000000] ACPI: FACP 0x000000003FFF00F0 0000F4 (v04 VBOX   VBOXFACP 00000001 ASL  00000061)
[    0.000000] ACPI: DSDT 0x000000003FFF0470 0021C8 (v02 VBOX   VBOXBIOS 00000002 INTL 20100528)
[    0.000000] ACPI: FACS 0x000000003FFF0200 000040
[    0.000000] ACPI: FACS 0x000000003FFF0200 000040
[    0.000000] ACPI: APIC 0x000000003FFF0240 00005C (v02 VBOX   VBOXAPIC 00000001 ASL  00000061)
[    0.000000] ACPI: SSDT 0x000000003FFF02A0 0001CC (v01 VBOX   VBOXCPUT 00000002 INTL 20100528)
[    0.000000] No NUMA configuration found
[    0.000000] Faking a node at [mem 0x0000000000000000-0x000000003ffeffff]
[    0.000000] NODE_DATA(0) allocated [mem 0x3ffeb000-0x3ffeffff]
[    0.000000] kvm-clock: Using msrs 4b564d01 and 4b564d00
[    0.000000] kvm-clock: cpu 0, msr 0:3ffe3001, primary cpu clock
[    0.000000] kvm-clock: using sched offset of 2962286400 cycles
[    0.000000] clocksource: kvm-clock: mask: 0xffffffffffffffff max_cycles: 0x1cd42e4dffb, max_idle_ns: 881590591483 ns
[    0.000000] Zone ranges:
[    0.000000]   DMA      [mem 0x0000000000001000-0x0000000000ffffff]
[    0.000000]   DMA32    [mem 0x0000000001000000-0x000000003ffeffff]
[    0.000000]   Normal   empty
[    0.000000]   Device   empty
[    0.000000] Movable zone start for each node
[    0.000000] Early memory node ranges
[    0.000000]   node   0: [mem 0x0000000000001000-0x000000000009efff]
[    0.000000]   node   0: [mem 0x0000000000100000-0x000000003ffeffff]
[    0.000000] Initmem setup node 0 [mem 0x0000000000001000-0x000000003ffeffff]
[    0.000000] ACPI: PM-Timer IO Port: 0x4008
[    0.000000] IOAPIC[0]: apic_id 2, version 32, address 0xfec00000, GSI 0-23
[    0.000000] ACPI: INT_SRC_OVR (bus 0 bus_irq 0 global_irq 2 dfl dfl)
[    0.000000] ACPI: INT_SRC_OVR (bus 0 bus_irq 9 global_irq 9 high level)
[    0.000000] Using ACPI (MADT) for SMP configuration information
[    0.000000] smpboot: Allowing 2 CPUs, 0 hotplug CPUs
[    0.000000] PM: Registered nosave memory: [mem 0x00000000-0x00000fff]
[    0.000000] PM: Registered nosave memory: [mem 0x0009f000-0x0009ffff]
[    0.000000] PM: Registered nosave memory: [mem 0x000a0000-0x000effff]
[    0.000000] PM: Registered nosave memory: [mem 0x000f0000-0x000fffff]
[    0.000000] e820: [mem 0x40000000-0xfebfffff] available for PCI devices
[    0.000000] Booting paravirtualized kernel on KVM
[    0.000000] clocksource: refined-jiffies: mask: 0xffffffff max_cycles: 0xffffffff, max_idle_ns: 7645519600211568 ns
[    0.000000] setup_percpu: NR_CPUS:512 nr_cpumask_bits:512 nr_cpu_ids:2 nr_node_ids:1
[    0.000000] PERCPU: Embedded 33 pages/cpu @ffff88003fc00000 s98264 r8192 d28712 u1048576
[    0.000000] PV qspinlock hash table entries: 256 (order: 0, 4096 bytes)
[    0.000000] Built 1 zonelists in Node order, mobility grouping on.  Total pages: 257913
[    0.000000] Policy zone: DMA32
[    0.000000] Kernel command line: BOOT_IMAGE=/boot/vmlinuz-4.4.0-75-generic root=LABEL=cloudimg-rootfs ro console=tty1 console=ttyS0
[    0.000000] PID hash table entries: 4096 (order: 3, 32768 bytes)
[    0.000000] Memory: 1001748K/1048120K available (8449K kernel code, 1294K rwdata, 3980K rodata, 1484K init, 1316K bss, 46372K reserved, 0K cma-reserved)
[    0.000000] SLUB: HWalign=64, Order=0-3, MinObjects=0, CPUs=2, Nodes=1
[    0.000000] Hierarchical RCU implementation.
[    0.000000] 	Build-time adjustment of leaf fanout to 64.
[    0.000000] 	RCU restricting CPUs from NR_CPUS=512 to nr_cpu_ids=2.
[    0.000000] RCU: Adjusting geometry for rcu_fanout_leaf=64, nr_cpu_ids=2
[    0.000000] NR_IRQS:33024 nr_irqs:440 16
[    0.000000] Console: colour VGA+ 80x25
[    0.000000] console [tty1] enabled
[    0.000000] console [ttyS0] enabled
[    0.000000] tsc: Detected 2194.918 MHz processor
[   13.140937] Calibrating delay loop (skipped) preset value.. 4389.83 BogoMIPS (lpj=8779672)
[   13.311582] pid_max: default: 32768 minimum: 301
[   13.404871] ACPI: Core revision 20150930
[   13.485999] ACPI: 2 ACPI AML tables successfully acquired and loaded
[   13.523896] Security Framework initialized
[   13.600152] Yama: becoming mindful.
[   13.669690] AppArmor: AppArmor initialized
[   13.757412] Dentry cache hash table entries: 131072 (order: 8, 1048576 bytes)
[   13.938280] Inode-cache hash table entries: 65536 (order: 7, 524288 bytes)
[   14.069884] Mount-cache hash table entries: 2048 (order: 2, 16384 bytes)
[   14.235326] Mountpoint-cache hash table entries: 2048 (order: 2, 16384 bytes)
[   14.407777] Initializing cgroup subsys io
[   14.485291] Initializing cgroup subsys memory
[   14.573198] Initializing cgroup subsys devices
[   14.610938] Initializing cgroup subsys freezer
[   14.707939] Initializing cgroup subsys net_cls
[   14.805216] Initializing cgroup subsys perf_event
[   14.931301] Initializing cgroup subsys net_prio
[   15.041353] Initializing cgroup subsys hugetlb
[   15.139567] Initializing cgroup subsys pids
[   15.241575] CPU: Physical Processor ID: 0
[   15.314466] CPU: Processor Core ID: 0
[   15.392740] mce: CPU supports 0 MCE banks
[   15.484063] Last level iTLB entries: 4KB 1024, 2MB 1024, 4MB 1024
[   15.638262] Last level dTLB entries: 4KB 1024, 2MB 1024, 4MB 1024, 1GB 4
[   15.714333] Freeing SMP alternatives memory: 32K (ffffffff820b8000 - ffffffff820c0000)
[   15.895649] ftrace: allocating 32117 entries in 126 pages
[   16.056994] smpboot: APIC(0) Converting physical 0 to logical package 0
[   16.199597] smpboot: Max logical packages: 1
[   16.312342] x2apic enabled
[   16.390980] Switched APIC routing to physical x2apic.
[   16.512825] ..TIMER: vector=0x30 apic1=0 pin1=2 apic2=-1 pin2=-1
[   16.783547] smpboot: CPU0: Intel(R) Core(TM) i7-4770HQ CPU @ 2.20GHz (family: 0x6, model: 0x46, stepping: 0x1)
[   17.020870] Performance Events: unsupported p6 CPU model 70 no PMU driver, software events only.
[   17.239880] KVM setup paravirtual spinlock
[   17.336445] x86: Booting SMP configuration:
[   17.426494] .... node  #0, CPUs:      #1
[   17.528954] kvm-clock: cpu 1, msr 0:3ffe3041, secondary cpu clock
[   17.683945] mce: CPU supports 0 MCE banks
[   17.766318] x86: Booted up 1 node, 2 CPUs
[   17.852210] smpboot: Total of 2 processors activated (8779.67 BogoMIPS)
[   17.896251] devtmpfs: initialized
[   17.976036] evm: security.selinux
[   18.063749] evm: security.SMACK64
[   18.150255] evm: security.SMACK64EXEC
[   18.234327] evm: security.SMACK64TRANSMUTE
[   18.323512] evm: security.SMACK64MMAP
[   18.412206] evm: security.ima
[   18.490379] evm: security.capability
[   18.545774] clocksource: jiffies: mask: 0xffffffff max_cycles: 0xffffffff, max_idle_ns: 7645041785100000 ns
[   18.784992] futex hash table entries: 512 (order: 3, 32768 bytes)
[   18.933781] pinctrl core: initialized pinctrl subsystem
[   18.974758] RTC time:  4:00:34, date: 05/09/17
[   19.053418] NET: Registered protocol family 16
[   19.184080] cpuidle: using governor ladder
[   19.292218] cpuidle: using governor menu
[   19.382334] PCCT header not found.
[   19.479020] ACPI: bus type PCI registered
[   19.583871] acpiphp: ACPI Hot Plug PCI Controller Driver version: 0.5
[   19.733119] PCI: Using configuration type 1 for base access
[   19.885480] ACPI: Added _OSI(Module Device)
[   19.985385] ACPI: Added _OSI(Processor Device)
[   20.053947] ACPI: Added _OSI(3.0 _SCP Extensions)
[   20.086403] ACPI: Added _OSI(Processor Aggregator Device)
[   20.208478] ACPI: Executed 1 blocks of module-level executable AML code
[   20.367660] ACPI: Interpreter enabled
[   20.457169] ACPI: (supports S0 S5)
[   20.543258] ACPI: Using IOAPIC for interrupt routing
[   20.684185] PCI: Using host bridge windows from ACPI; if necessary, use "pci=nocrs" and report a bug
[   20.914991] ACPI: PCI Root Bridge [PCI0] (domain 0000 [bus 00-ff])
[   21.065040] acpi PNP0A03:00: _OSC: OS supports [ASPM ClockPM Segments MSI]
[   21.153928] acpi PNP0A03:00: _OSC failed (AE_NOT_FOUND); disabling ASPM
[   21.257031] acpi PNP0A03:00: fail to add MMCONFIG information, can't access extended PCI configuration space under this bridge.
[   21.521949] PCI host bridge to bus 0000:00
[   21.627951] pci_bus 0000:00: root bus resource [io  0x0000-0x0cf7 window]
[   21.801253] pci_bus 0000:00: root bus resource [io  0x0d00-0xffff window]
[   21.971664] pci_bus 0000:00: root bus resource [mem 0x000a0000-0x000bffff window]
[   22.139078] pci_bus 0000:00: root bus resource [mem 0x40000000-0xffdfffff window]
[   22.238609] pci_bus 0000:00: root bus resource [bus 00-ff]
[   22.268229] pci 0000:00:01.1: legacy IDE quirk: reg 0x10: [io  0x01f0-0x01f7]
[   22.422499] pci 0000:00:01.1: legacy IDE quirk: reg 0x14: [io  0x03f6]
[   22.582721] pci 0000:00:01.1: legacy IDE quirk: reg 0x18: [io  0x0170-0x0177]
[   22.764373] pci 0000:00:01.1: legacy IDE quirk: reg 0x1c: [io  0x0376]
[   22.946689] pci 0000:00:07.0: quirk: [io  0x4000-0x403f] claimed by PIIX4 ACPI
[   23.118858] pci 0000:00:07.0: quirk: [io  0x4100-0x410f] claimed by PIIX4 SMB
[   23.133139] ACPI: PCI Interrupt Link [LNKA] (IRQs 5 9 10 *11)
[   23.270977] ACPI: PCI Interrupt Link [LNKB] (IRQs 5 9 10 *11)
[   23.335682] ACPI: PCI Interrupt Link [LNKC] (IRQs 5 9 *10 11)
[   23.389291] ACPI: PCI Interrupt Link [LNKD] (IRQs 5 *9 10 11)
[   23.524572] ACPI: Enabled 2 GPEs in block 00 to 07
[   23.658506] vgaarb: setting as boot device: PCI:0000:00:02.0
[   23.793142] vgaarb: device added: PCI:0000:00:02.0,decodes=io+mem,owns=io+mem,locks=none
[   23.974572] vgaarb: loaded
[   24.050123] vgaarb: bridge control possible 0000:00:02.0
[   24.179225] SCSI subsystem initialized
[   24.290259] ACPI: bus type USB registered
[   24.390409] usbcore: registered new interface driver usbfs
[   24.428478] usbcore: registered new interface driver hub
[   24.471940] usbcore: registered new device driver usb
[   24.594059] PCI: Using ACPI for IRQ routing
[   24.700508] NetLabel: Initializing
[   24.785637] NetLabel:  domain hash size = 128
[   24.876695] NetLabel:  protocols = UNLABELED CIPSOv4
[   24.989005] NetLabel:  unlabeled traffic allowed by default
[   25.130881] amd_nb: Cannot enumerate AMD northbridges
[   25.258094] clocksource: Switched to clocksource kvm-clock
[   25.392616] AppArmor: AppArmor Filesystem Enabled
[   25.500370] pnp: PnP ACPI init
[   25.541873] pnp: PnP ACPI: found 3 devices
[   25.654550] clocksource: acpi_pm: mask: 0xffffff max_cycles: 0xffffff, max_idle_ns: 2085701024 ns
[   25.889376] NET: Registered protocol family 2
[   25.969898] TCP established hash table entries: 8192 (order: 4, 65536 bytes)
[   26.146653] TCP bind hash table entries: 8192 (order: 5, 131072 bytes)
[   26.303671] TCP: Hash tables configured (established 8192 bind 8192)
[   26.475765] UDP hash table entries: 512 (order: 2, 16384 bytes)
[   26.604675] UDP-Lite hash table entries: 512 (order: 2, 16384 bytes)
[   26.748756] NET: Registered protocol family 1
[   26.863308] pci 0000:00:00.0: Limiting direct PCI/PCI transfers
[   27.029622] pci 0000:00:01.0: Activating ISA DMA hang workarounds
[   27.199458] Unpacking initramfs...
[   28.974213] Freeing initrd memory: 10832K (ffff880036ac8000 - ffff88003755c000)
[   29.115929] platform rtc_cmos: registered platform RTC device (no PNP device found)
[   29.214072] Scanning for low memory corruption every 60 seconds
[   29.363973] audit: initializing netlink subsys (disabled)
[   29.488170] audit: type=2000 audit(1494302425.532:1): initialized
[   29.654285] Initialise system trusted keyring
[   29.787788] HugeTLB registered 2 MB page size, pre-allocated 0 pages
[   29.892977] zbud: loaded
[   29.900574] VFS: Disk quotas dquot_6.6.0
[   29.920922] VFS: Dquot-cache hash table entries: 512 (order 0, 4096 bytes)
[   30.064201] squashfs: version 4.0 (2009/01/31) Phillip Lougher
[   30.219577] tsc: Refined TSC clocksource calibration: 2193.998 MHz
[   30.389900] clocksource: tsc: mask: 0xffffffffffffffff max_cycles: 0x1fa00d1a3f6, max_idle_ns: 440795270979 ns
[   30.644068] fuse init (API version 7.23)
[   30.751845] Key type big_key registered
[   30.862572] Allocating IMA MOK and blacklist keyrings.
[   30.992243] Key type asymmetric registered
[   31.010211] Asymmetric key parser 'x509' registered
[   31.062652] Block layer SCSI generic (bsg) driver version 0.4 loaded (major 249)
[   31.226018] io scheduler noop registered
[   31.269786] io scheduler deadline registered (default)
[   31.282776] io scheduler cfq registered
[   31.367360] pci_hotplug: PCI Hot Plug PCI Core version: 0.5
[   31.494238] pciehp: PCI Express Hot Plug Controller Driver version: 0.4
[   31.663783] ACPI: AC Adapter [AC] (on-line)
[   31.771150] input: Power Button as /devices/LNXSYSTM:00/LNXPWRBN:00/input/input0
[   31.865521] ACPI: Power Button [PWRF]
[   31.936131] input: Sleep Button as /devices/LNXSYSTM:00/LNXSLPBN:00/input/input1
[   32.108238] ACPI: Sleep Button [SLPF]
[   32.183158] GHES: HEST is not enabled!
[   32.184182] ACPI: Battery Slot [BAT0] (battery present)
[   32.401224] Serial: 8250/16550 driver, 32 ports, IRQ sharing enabled
ÿ[   32.581545] 00:02: ttyS0 at I/O 0x3f8 (irq = 4, base_baud = 115200) is a 16550A
[   32.729747] Linux agpgart interface v0.103
[   32.830070] loop: module loaded
[   32.882349] scsi host0: ata_piix
[   32.944869] scsi host1: ata_piix
[   33.037481] ata1: PATA max UDMA/33 cmd 0x1f0 ctl 0x3f6 bmdma 0xd000 irq 14
[   33.167083] ata2: PATA max UDMA/33 cmd 0x170 ctl 0x376 bmdma 0xd008 irq 15
[   33.197753] libphy: Fixed MDIO Bus: probed
[   33.206554] tun: Universal TUN/TAP device driver, 1.6
[   33.216617] tun: (C) 1999-2004 Max Krasnyansky <maxk@qualcomm.com>
[   33.220084] PPP generic driver version 2.4.2
[   33.292347] ehci_hcd: USB 2.0 'Enhanced' Host Controller (EHCI) Driver
[   33.337527] ehci-pci: EHCI PCI platform driver
[   33.442494] ehci-platform: EHCI generic platform driver
[   33.555583] ohci_hcd: USB 1.1 'Open' Host Controller (OHCI) Driver
[   33.694539] ohci-pci: OHCI PCI platform driver
[   33.805888] ohci-platform: OHCI generic platform driver
[   33.935815] uhci_hcd: USB Universal Host Controller Interface driver
[   34.062799] i8042: PNP: PS/2 Controller [PNP0303:PS2K,PNP0f03:PS2M] at 0x60,0x64 irq 1,12
[   34.265328] serio: i8042 KBD port at 0x60,0x64 irq 1
[   34.283724] serio: i8042 AUX port at 0x60,0x64 irq 12
[   34.296222] mousedev: PS/2 mouse device common for all mice
[   34.309486] rtc_cmos rtc_cmos: rtc core: registered rtc_cmos as rtc0
[   34.502317] input: AT Translated Set 2 keyboard as /devices/platform/i8042/serio0/input/input2
[   34.742641] rtc_cmos rtc_cmos: alarms up to one day, 114 bytes nvram
[   34.817716] i2c /dev entries driver
[   34.854092] device-mapper: uevent: version 1.0.3
[   34.984805] device-mapper: ioctl: 4.34.0-ioctl (2015-10-28) initialised: dm-devel@redhat.com
[   35.189417] ledtrig-cpu: registered to indicate activity on CPUs
[   35.339880] NET: Registered protocol family 10
[   35.384029] NET: Registered protocol family 17
[   35.402545] Key type dns_resolver registered
[   35.482351] microcode: CPU0 sig=0x40661, pf=0x40, revision=0x0
[   35.628255] microcode: CPU1 sig=0x40661, pf=0x40, revision=0x0
[   35.754146] microcode: Microcode Update Driver: v2.01 <tigran@aivazian.fsnet.co.uk>, Peter Oruba
[   35.966059] registered taskstats version 1
[   36.053628] Loading compiled-in X.509 certificates
[   36.178039] Loaded X.509 cert 'Build time autogenerated kernel key: c2fea74804032151001b764dbf9eab8df960fa59'
[   36.375157] zswap: loaded using pool lzo/zbud
[   36.433700] Key type trusted registered
[   36.474647] Key type encrypted registered
[   36.507073] AppArmor: AppArmor sha1 policy hashing enabled
[   36.615866] ima: No TPM chip found, activating TPM-bypass!
[   36.733512] evm: HMAC attrs: 0x1
[   36.796434]   Magic number: 1:53:9
[   36.877815] rtc_cmos rtc_cmos: setting system clock to 2017-05-09 04:00:52 UTC (1494302452)
[   37.069511] BIOS EDD facility v0.16 2004-Jun-25, 0 devices found
[   37.197922] EDD information not available.
[   37.302526] Freeing unused kernel memory: 1484K (ffffffff81f45000 - ffffffff820b8000)
[   37.504734] Write protecting the kernel read-only data: 14336k
[   37.572288] Freeing unused kernel memory: 1780K (ffff880001843000 - ffff880001a00000)
[   37.695435] Freeing unused kernel memory: 116K (ffff880001de3000 - ffff880001e00000)
Loading, please [   37.851923] random: systemd-udevd: uninitialized urandom read (16 bytes read, 4 bits of entropy available)
wait...
startin[   37.852578] random: udevadm: uninitialized urandom read (16 bytes read, 4 bits of entropy available)
g version 229
[   37.852609] random: udevadm: uninitialized urandom read (16 bytes read, 4 bits of entropy available)
[   37.852711] random: udevadm: uninitialized urandom read (16 bytes read, 4 bits of entropy available)
[   37.852747] random: udevadm: uninitialized urandom read (16 bytes read, 4 bits of entropy available)
[   37.852791] random: udevadm: uninitialized urandom read (16 bytes read, 4 bits of entropy available)
[   37.852828] random: udevadm: uninitialized urandom read (16 bytes read, 4 bits of entropy available)
[   37.852863] random: udevadm: uninitialized urandom read (16 bytes read, 4 bits of entropy available)
[   37.852933] random: udevadm: uninitialized urandom read (16 bytes read, 4 bits of entropy available)
[   37.852967] random: udevadm: uninitialized urandom read (16 bytes read, 4 bits of entropy available)
[   39.791917] Fusion MPT base driver 3.04.20
[   39.857303] Copyright (c) 1999-2008 LSI Corporation
[   40.026715] e1000: Intel(R) PRO/1000 Network Driver - version 7.3.21-k8-NAPI
[   40.180650] e1000: Copyright (c) 1999-2006 Intel Corporation.
[   40.321726] input: ImExPS/2 Generic Explorer Mouse as /devices/platform/i8042/serio1/input/input4
[   40.411211] AVX version of gcm_enc/dec engaged.
[   40.589251] AES CTR mode by8 optimization enabled
[   40.680658] Fusion MPT SPI Host driver 3.04.20
[   41.047523] e1000 0000:00:03.0 eth0: (PCI:33MHz:32-bit) 02:4f:95:56:f8:14
[   41.278717] e1000 0000:00:03.0 eth0: Intel(R) PRO/1000 Network Connection
[   41.351766] e1000 0000:00:03.0 enp0s3: renamed from eth0
[   41.478303] mptbase: ioc0: Initiating bringup
[   41.654403] ioc0: LSI53C1030 A0: Capabilities={Initiator}
[   41.951345] scsi host2: ioc0: LSI53C1030 A0, FwRev=00000000h, Ports=1, MaxQ=256, IRQ=20
[   42.211383] scsi 2:0:0:0: Direct-Access     VBOX     HARDDISK         1.0  PQ: 0 ANSI: 5
[   42.376516] scsi target2:0:0: Beginning Domain Validation
[   42.473485] scsi target2:0:0: Domain Validation skipping write tests
[   42.631023] scsi target2:0:0: Ending Domain Validation
[   42.643467] scsi target2:0:0: asynchronous
[   42.747944] scsi 2:0:1:0: Direct-Access     VBOX     HARDDISK         1.0  PQ: 0 ANSI: 5
[   42.943226] scsi target2:0:1: Beginning Domain Validation
[   42.986526] scsi target2:0:1: Domain Validation skipping write tests
[   43.034568] scsi target2:0:1: Ending Domain Validation
[   43.096811] scsi target2:0:1: asynchronous
[   43.163652] sd 2:0:0:0: [sda] 20971520 512-byte logical blocks: (10.7 GB/10.0 GiB)
[   43.163727] sd 2:0:0:0: Attached scsi generic sg0 type 0
[   43.164171] sd 2:0:1:0: [sdb] 20480 512-byte logical blocks: (10.5 MB/10.0 MiB)
[   43.164274] sd 2:0:1:0: Attached scsi generic sg1 type 0
[   43.164408] sd 2:0:1:0: [sdb] Write Protect is off
[   43.164520] sd 2:0:1:0: [sdb] Incomplete mode parameter data
[   43.164521] sd 2:0:1:0: [sdb] Assuming drive cache: write through
[   43.165822] sd 2:0:1:0: [sdb] Attached SCSI disk
[   43.739071] floppy0: no floppy controllers found
[   43.739109] work still pending
[   44.186171] sd 2:0:0:0: [sda] Write Protect is off
[   44.231273] sd 2:0:0:0: [sda] Incomplete mode parameter data
[   44.359013] sd 2:0:0:0: [sda] Assuming drive cache: write through
[   44.500441]  sda: sda1
[   44.543819] sd 2:0:0:0: [sda] Attached SCSI disk
Begin: Loading e[   45.952453] md: linear personality registered for level -1
ssential drivers[   46.084362] md: multipath personality registered for level -4
 ... [   46.218950] md: raid0 personality registered for level 0
[   46.356005] md: raid1 personality registered for level 1
[   46.454178] raid6: sse2x1   gen()  8228 MB/s
[   46.582184] raid6: sse2x1   xor()  4318 MB/s
[   46.674108] raid6: sse2x2   gen() 11019 MB/s
[   46.818651] raid6: sse2x2   xor()  8195 MB/s
[   46.978297] raid6: sse2x4   gen() 14305 MB/s
[   47.130299] raid6: sse2x4   xor() 10106 MB/s
[   47.193484] raid6: using algorithm sse2x4 gen() 14305 MB/s
[   47.255044] raid6: .... xor() 10106 MB/s, rmw enabled
[   47.330774] raid6: using ssse3x2 recovery algorithm
[   47.359591] xor: automatically using best checksumming function:
[   47.414164]    avx       : 25123.000 MB/sec
[   47.457032] async_tx: api initialized (async)
[   47.468247] md: raid6 personality registered for level 6
[   47.474310] md: raid5 personality registered for level 5
[   47.493351] md: raid4 personality registered for level 4
[   47.514049] md: raid10 personality registered for level 10
done.
Begin: Running /scripts/init-premount ... done.[   47.575842] Btrfs loaded

Begin: Mounting root file system ... Begin: Run[   47.614857] EXT4-fs (sda1): mounted filesystem with ordered data mode. Opts: (null)
ning /scripts/local-top ... done.
Begin: Running /scripts/local-premount ... Scanning for Btrfs filesystems
done.
Warning: fsck not present, so skipping root file system
done.
Begin: Running /scripts/local-bottom ... done.
Begin: Running /scripts/init-bottom ... done.
[   47.819345] systemd[1]: systemd 229 running in system mode. (+PAM +AUDIT +SELINUX +IMA +APPARMOR +SMACK +SYSVINIT +UTMP +LIBCRYPTSETUP +GCRYPT +GNUTLS +ACL +XZ -LZ4 +SECCOMP +BLKID +ELFUTILS +KMOD -IDN)
[   47.987842] systemd[1]: Detected virtualization oracle.
[   48.028225] systemd[1]: Detected architecture x86-64.

Welcome to [1mUbuntu 16.04.2 LTS[0m!

[   48.134810] systemd[1]: Set hostname to <ubuntu>.
[   48.184496] systemd[1]: Initializing machine ID from random generator.
[   48.310772] systemd[1]: Installed transient /etc/machine-id file.
[   48.505584] systemd[1]: Listening on Journal Audit Socket.
[[0;32m  OK  [0m] Listening on Journal Audit Socket.
[   48.646838] systemd[1]: Set up automount Arbitrary Executable File Formats File System Automount Point.
[[0;32m  OK  [0m] Set up automount Arbitrary Executab...ats File System Automount Point.
[   48.934725] systemd[1]: Listening on LVM2 poll daemon socket.
[[0;32m  OK  [0m] Listening on LVM2 poll daemon socket.
[   49.126790] systemd[1]: Listening on /dev/initctl Compatibility Named Pipe.
[[0;32m  OK  [0m] Listening on /dev/initctl Compatibility Named Pipe.
[   49.342629] systemd[1]: Listening on Syslog Socket.
[[0;32m  OK  [0m] Listening on Syslog Socket.
[   49.506673] systemd[1]: Reached target User and Group Name Lookups.
[[0;32m  OK  [0m] Reached target User and Group Name Lookups.
[   49.694397] systemd[1]: Reached target Encrypted Volumes.
[[0;32m  OK  [0m] Reached target Encrypted Volumes.
[   49.834743] systemd[1]: Started Forward Password Requests to Wall Directory Watch.
[[0;32m  OK  [0m] Started Forward Password Requests to Wall Directory Watch.
[   50.082599] systemd[1]: Listening on udev Control Socket.
[[0;32m  OK  [0m] Listening on udev Control Socket.
[   50.271270] systemd[1]: Created slice System Slice.
[[0;32m  OK  [0m] Created slice System Slice.
[   50.414897] systemd[1]: Created slice system-serial\x2dgetty.slice.
[[0;32m  OK  [0m] Created slice system-serial\x2dgetty.slice.
[   50.570968] systemd[1]: Listening on Device-mapper event daemon FIFOs.
[[0;32m  OK  [0m] Listening on Device-mapper event daemon FIFOs.
[   50.778762] systemd[1]: Listening on LVM2 metadata daemon socket.
[[0;32m  OK  [0m] Listening on LVM2 metadata daemon socket.
[   50.938931] systemd[1]: Created slice User and Session Slice.
[[0;32m  OK  [0m] Created slice User and Session Slice.
[   51.122701] systemd[1]: Reached target Slices.
[[0;32m  OK  [0m] Reached target Slices.
[   51.230704] systemd[1]: Listening on Journal Socket.
[[0;32m  OK  [0m] Listening on Journal Socket.
[   51.374350] systemd[1]: Mounting Huge Pages File System...
         Mounting Huge Pages File System...
[   51.466303] systemd[1]: Mounting POSIX Message Queue File System...
         Mounting POSIX Message Queue File System...
[   51.546879] systemd[1]: Starting Nameserver information manager...
         Starting Nameserver information manager...
[   51.592939] systemd[1]: Starting Remount Root and Kernel File Systems...
         [   51.654717] EXT4-fs (sda1): re-mounted. Opts: (null)
Starting Remount Root and Kernel File Systems...
[   51.770538] systemd[1]: Starting Uncomplicated firewall...
[   51.842306] random: nonblocking pool is initialized
         Starting Uncomplicated firewall...
[   51.902454] systemd[1]: Starting Load Kernel Modules...
         [   51.936349] Loading iSCSI transport class v2.0-870.
Starting Load Kernel Modules...[   51.977820] iscsi: registered transport (tcp)

[   52.064609] systemd[1]: Starting Monitoring of LVM2 mirrors, snapshots etc. using dmeventd or progress polling...
         Starting Monitor[   52.284808] iscsi: registered transport (iser)
ing of LVM2 mirrors... dmeventd or progress polling...
[   52.434779] systemd[1]: Starting Create list of required static device nodes for the current kernel...
         Starting Create list of required st... nodes for the current kernel...
[   52.722931] systemd[1]: Mounting Debug File System...
         Mounting Debug File System...
[   52.862403] systemd[1]: Starting Set console keymap...
         Starting Set console keymap...
[   52.974441] systemd[1]: Reached target Swap.
[[0;32m  OK  [0m] Reached target Swap.
[   53.026441] systemd[1]: Listening on udev Kernel Socket.
[[0;32m  OK  [0m] Listening on udev Kernel Socket.
[   53.099003] systemd[1]: Listening on Journal Socket (/dev/log).
[[0;32m  OK  [0m] Listening on Journal Socket (/dev/log).
[   53.202481] systemd[1]: Starting Journal Service...
         Starting Journal Service...
[   53.259985] systemd[1]: Mounted Huge Pages File System.
[[0;32m  OK  [0m] Mounted Huge Pages File System.
[   53.335912] systemd[1]: Mounted POSIX Message Queue File System.
[[0;32m  OK  [0m] Mounted POSIX Message Queue File System.
[   53.434440] systemd[1]: Mounted Debug File System.
[[0;32m  OK  [0m] Mounted Debug File System.
[   53.510499] systemd[1]: Started Journal Service.
[[0;32m  OK  [0m] Started Journal Service.
[[0;32m  OK  [0m] Started Remount Root and Kernel File Systems.
[[0;32m  OK  [0m] Started Uncomplicated firewall.
[[0;32m  OK  [0m] Started Load Kernel Modules.
[[0;32m  OK  [0m] Started Create list of required sta...ce nodes for the current kernel.
[[0;32m  OK  [0m] Started Set console keymap.
[[0;32m  OK  [0m] Started Nameserver information manager.
[[0;32m  OK  [0m] Started LVM2 metadata daemon.
         Starting Create Static Device Nodes in /dev...
         Mounting FUSE Control File System...
         Starting Apply Kernel Variables...
         Starting Initial cloud-init job (pre-networking)...
         Starting udev Coldplug all Devices...
         Starting Load/Save Random Seed...
         Starting Flush Journal to Persistent Storage...
[[0;32m  OK  [0m] Mounted FUSE Control File System.
[[0;32m  OK  [0m] Started Monitoring of LVM2 mirrors,...ng dmeventd or progress polling.
[[0;32m  OK  [0m] Started Create Static Device Nodes in /dev.
[[0;32m  OK  [0m] Started Apply Kernel Variables.
[[0;32m  OK  [0m] Started Load/Save Random Seed.
[[0;32m  OK  [0m] Started udev Coldplug all Devices.
[[0;32m  OK  [0m] Started Flush Journal to Persistent Storage.
         Starting udev Kernel Device Manager...
[[0;32m  OK  [0m] Started udev Kernel Device Manager.
[[0;32m  OK  [0m] Started Dispatch Password Requests to Console Directory Watch.
[[0;32m  OK  [0m] Reached target Local File Systems (Pre).
[[0;32m  OK  [0m] Reached target Local File Systems.
[   30.224925] cloud-init[446]: Cloud-init v. 0.7.9 running 'init-local' at Tue, 09 May 2017 04:01:10 +0000. Up 30.01 seconds.
         Starting LSB: AppArmor initialization...
         Starting Set console font and keymap...
         Starting Tell Plymouth To Write Out Runtime Data...
         Starting Commit a transient machine-id on disk...
         Starting Create Volatile Files and Directories...
[[0;32m  OK  [0m] Started Tell Plymouth To Write Out Runtime Data.
[[0;32m  OK  [0m] Started Set console font and keymap.
[[0;32m  OK  [0m] Started Commit a transient machine-id on disk.
[[0;32m  OK  [0m] Started Create Volatile Files and Directories.
[[0;32m  OK  [0m] Started Initial cloud-init job (pre-networking).
[[0;32m  OK  [0m] Found device /dev/ttyS0.
[[0;32m  OK  [0m] Listening on Load/Save RF Kill Switch Status /dev/rfkill Watch.
[[0;32m  OK  [0m] Reached target Network (Pre).
[[0;32m  OK  [0m] Reached target System Time Synchronized.
         Starting Update UTMP about System Boot/Shutdown...
[[0;32m  OK  [0m] Created slice system-getty.slice.
[[0;32m  OK  [0m] Started Update UTMP about System Boot/Shutdown.
[[0;32m  OK  [0m] Started LSB: AppArmor initialization.
         Starting Raise network interfaces...
[[0;32m  OK  [0m] Started ifup for enp0s3.
[[0;32m  OK  [0m] Started Raise network interfaces.
         Starting Initial cloud-init job (metadata service crawler)...
[[0;32m  OK  [0m] Reached target Network.
[   34.263202] cloud-init[942]: Cloud-init v. 0.7.9 running 'init' at Tue, 09 May 2017 04:01:13 +0000. Up 33.61 seconds.
[   34.296638] cloud-init[942]: ci-info: +++++++++++++++++++++++++++++++++++++Net device info++++++++++++++++++++++++++++++++++++++
[[0;32m  OK  [0m] Started Initial cloud-init job (metadata service crawler).
[   34.356589] cloud-init[942]: ci-info: +--------+------+----------------------------+---------------+-------+-------------------+
[   34.428340] [cloud-init[942]: ci-info: | Device |  Up  |          Address           |      Mask     | Scope |     Hw-Address    |
[0;32m  OK  [0m] Reached target System Initialization.
[   34.429014] cloud-init[942]: ci-info: +--------+------+----------------------------+---------------+-------+-------------------+
[   34.572511]          cloud-initStarting LXD - unix socket.[942]: 
ci-info: | enp0s3 | True |         10.0.2.15          | 255.255.255.0 |   .   | 02:4f:95:56:f8:14 |
[   34.656814] cloud-init[942]: ci-info: | enp0s3 | True | fe80::4f:95ff:fe56:f814/64 |       .       |  link | 02:4f:95:56:f8:14 |
[[0;32m  OK  [0m] Started Timer to automatically refresh installed snaps.
[[0;32m  OK  [0m] Listening on UUID daemon activation socket.
[   34.657464] cloud-init[942]: ci-info: |   lo   | True |         127.0.0.1          |   255.0.0.0   |   .   |         .         |
         Starting Socket activation for snappy daemon.
[[0;32m  OK  [0m] Started Trigger resolvconf update for networkd DNS.
[   34.788200] cloud-init[942]: ci-info: |   lo   | True |          ::1/128           |       .       |  host |         .         |
[   35.033043] [cloud-init[0;32m  OK  [0m[942]: ] ci-info: +--------+------+----------------------------+---------------+-------+-------------------+Started ACPI Events Check.

[   35.132748] [cloud-init[0;32m  OK  [0m[942]: ] ci-info: +++++++++++++++++++++++++++Route IPv4 info++++++++++++++++++++++++++++Reached target Paths.

[   35.200479] cloud-init[942]: ci-info: +-------+-------------+----------+---------------+-----------+-------+
[[0;32m  OK  [0m] Started Daily apt activities.
[   35.201050] cloud-init[942]: ci-info: | Route | Destination | Gateway  |    Genmask    | Interface | Flags |
[[0;32m  OK  [0m] Listening on D-Bus System Message Bus Socket.
[[0;32m  OK  [0m] Started Daily Cleanup of Temporary Directories.
[[0;32m  OK  [0m] Reached target Timers.
[   35.253684] cloud-init[942]: ci-info: +-------+-------------+----------+---------------+-----------+-------+
[   35.468432] [cloud-init[0;32m  OK  [0m[942]: ] ci-info: |   0   |   0.0.0.0   | 10.0.2.2 |    0.0.0.0    |   enp0s3  |   UG  |Listening on ACPID Listen Socket.

[   35.576785] [cloud-init[0;32m  OK  [0m[942]: ] ci-info: |   1   |   10.0.2.0  | 0.0.0.0  | 255.255.255.0 |   enp0s3  |   U   |Reached target Network is Online.

[   35.577579] cloud-init[942]: ci-info: +-------+-------------+----------+---------------+-----------+-------+
[   35.700837]          cloud-initStarting iSCSI initiator daemon (iscsid)...[942]: 
Generating public/private rsa key pair.
[   35.780377] [cloud-init[0;32m  OK  [0m[942]: ] Your identification has been saved in /etc/ssh/ssh_host_rsa_key.Reached target Cloud-config availability.

[   35.780945] cloud-init[942]: Your public key has been saved in /etc/ssh/ssh_host_rsa_key.pub.
[   35.884356] [[0;32m  OK  [0m] Listening on LXD - unix socket.
cloud-init[942]: The key fingerprint is:
[   35.960313] [cloud-init[0;32m  OK  [0m[942]: ] SHA256:ZHF3aCQxQ1Ldyq/GAN4XHp6hdCSmmw3mr5w9Z4FkI/g root@ubuntu-xenialListening on Socket activation for snappy daemon.

[   35.960826] cloud-init[942]: The key's randomart image is:
[   36.068465] [cloud-init[0;32m  OK  [0m[942]: ] +---[RSA 2048]----+Started iSCSI initiator daemon (iscsid).

[   36.069045] cloud-init[942]: |        ooO+oo.  |
[   36.164419]          cloud-initStarting Login to default iSCSI targets...[942]: 
|         +o==..  |
[   36.208449] [cloud-init[0;32m  OK  [0m[942]: ] |       .oo = .   |Reached target Sockets.

[[0;32m  OK  [0m] Reached target Basic System.
[   36.209088] cloud-init[942]: |      .o* = B    |
         Starting Apply the settings specified in cloud-config...
[   36.308520] cloud-init[942]: |       =S% B *   |
[   36.380398] [cloud-init[0;32m  OK  [0m[942]: ] |        E * * .  |Started Deferred execution scheduler.

[   36.381161] cloud-init[942]: |         . + o   |
         Starting Accounts Service...
[   36.460604] cloud-init[942]: |       . oo *    |
[   36.504348] cloud-init[942]: |        +..=     |
[[   36.524217] cloud-init[942]: +----[SHA256]-----+
[   36.524369] cloud-init[942]: Generating public/private dsa key pair.
[   36.524618] cloud-init[942]: Your identification has been saved in /etc/ssh/ssh_host_dsa_key.
[   36.524654] cloud-init[942]: Your public key has been saved in /etc/ssh/ssh_host_dsa_key.pub.
[0;32m  OK  [0m] Started ACPI event daemon.
[   36.524760] cloud-init[942]: The key fingerprint is:
[   36.660534] cloud-init[942]: SHA256:J+BYZGdsA2mVRHyQPp2Ueqwdwx2eFLi9McQYrRdeV+I root@ubuntu-xenial
[   36.716427] cloud-init[942]: The key's randomart image is:
[   36.716875] cloud-init[942]: +---[DSA 1024]----+
         Starting LSB: Record successful boot for GRUB...
[   36.716971] cloud-init[942]: |      +OB+.B... o|
[   36.820396] cloud-init[942]: |     oooB * B....|
[   36.820614] cloud-init[942]: |     .oo O @ =E. |
         Starting LSB: MD monitoring daemon...
[   36.820834] cloud-init[942]: |     + .+ @ X    |
[   36.916982] cloud-init[942]: |    . . S=.+ +   |
[   36.956325] cloud-init[942]: |        .o. .    |
[   36.956673] cloud-init[942]: |                 |
         Starting /etc/rc.local Compatibility...
[   36.956887] cloud-init[942]: |                 |
         [   37.085024] Starting Login Service...cloud-init
[942]: |                 |
[   37.128367] cloud-init[942]: +----[SHA256]-----+
[   37.128589] cloud-init[942]: Generating public/private ecdsa key pair.
         Starting System Logging Service...
[   37.128733] cloud-init[942]: Your identification has been saved in /etc/ssh/ssh_host_ecdsa_key.
         Starting Pollinate to seed the pseudo random number generator...
[   37.258751] cloud-init[942]: Your public key has been saved in /etc/ssh/ssh_host_ecdsa_key.pub.
[[0;32m  OK  [0m] Started Regular background program processing daemon.
[   37.373603] cloud-init[942]: The key fingerprint is:
[   37.399033] cloud-init[942]: SHA256:vcf7oFI1EeQ8WjtnJ1lI9dCpE0KevSh1Pux5Lv6Ig2s root@ubuntu-xenial
[   37.408412] cloud-init[942]: The key's randomart image is:
[[0;32m  OK  [0m] Started Snappy daemon.
[   37.479122] cloud-init[942]: +---[ECDSA 256]---+
         Starting Auto import assertions from block devices...
[   37.538952] cloud-init[942]: |          .oo.ooo|
[[0;32m  OK  [0m] Started D-Bus System Message Bus.
[   37.611635] cloud-init[942]: |          .++o +o|
[[0;32m  OK  [0m] Started FUSE filesystem for LXC.
[   37.677892] cloud-init[942]: |           +*++ o|
         Starting LXD - container startup/shutdown...
[[0;32m  OK  [0m] Started System Logging Service.
[[0;32m  OK  [0m] Started /etc/rc.local Compatibility.
[[0;32m  OK  [0m] Started Auto import assertions from block devices.
[   37.730598] cloud-init[942]: |         ..oB=.o |
[   37.888704] cloud-init[942]: |        S.ooo** .|
[   37.888918] cloud-init[942]: |          oo.+oo |
[[0;32m  OK  [0m] Started LXD - container startup/shutdown.
[   37.889095] cloud-init[942]: |         .o +o . |
[   37.968366] cloud-init[942]: |        .E +.++  |
[[0;32m  OK  [0m[   38.004632] ] cloud-initStarted Login to default iSCSI targets.[942]: |        .oo.+++o |

[   38.005587] cloud-init[942]: +----[SHA256]-----+
[   38.041102] cloud-init[942]: Generating public/private ed25519 key pair.
[   38.043598] cloud-init[942]: Your identification has been saved in /etc/ssh/ssh_host_ed25519_key.
[   38.064614] cloud-init[942]: Your public key has been saved in /etc/ssh/ssh_host_ed25519_key.pub.
[   38.064846] cloud-init[942]: The key fingerprint is:
[[0;32m  OK  [0m] Started LSB: Record successful boot for GRUB.
[   38.065004] cloud-init[942]: SHA256:bLqsGrur8o2hSKhEzWlGKRxvaef1SrhrP/pRmyXPPdE root@ubuntu-xenial
[   38.144602] cloud-init[942]: The key's randomart image is:
[   38.144815] cloud-init[942]: +--[ED25519 256]--+
[[0;32m  OK  [0m] Started LSB: MD monitoring daemon.
[   38.144943] cloud-init[942]: | .               |
[   38.268334] cloud-init[942]: |. o o            |
[   38.268521] cloud-init[942]: | o B . .         |
[[0;32m  OK  [0m] Started Login Service.
[   38.268660] cloud-init[942]: |  B + o..     .  |
[   38.364544] cloud-init[942]: | . * o .S+ . . E |
[   38.364735] cloud-init[942]: |o o   ooo B . .  |
         Starting Authenticate and Authorize Users to Run Privileged Tasks...
[   38.418541] cloud-init[942]: |.oo  ..o o o o   |
[   38.418816] cloud-init[942]: |*. * o.o.     .  |
[[0;32m  OK  [0m] Stopped OpenBSD Secure Shell server.
[   38.419377] cloud-init[942]: |*oB+++*o.        |
[   38.536827] cloud-init[942]: +----[SHA256]-----+
         Starting OpenBSD Secure Shell server...
[[   38.538373] cloud-init[1041]: Generating locales (this might take a while)...
[0;32m  OK  [0m] Reached target Remote File Systems (Pre).
[   38.593128] cloud-init[1041]:   en_US.UTF-8... done
[[0;32m  OK  [0m] Reached target Remote File Systems.
[   38.665523] cloud-init[1041]: Generation complete.
         Starting LSB: daemon to balance interrupts for SMP systems...
         Starting LSB: automatic crash report generation...
         Starting LSB: VirtualBox Linux Additions...
         Starting Permit User Sessions...
         Starting LSB: Set the CPU Frequency Scaling governor to "ondemand"...
[[0;32m  OK  [0m] Started OpenBSD Secure Shell server.
[[0;32m  OK  [0m] Started Permit User Sessions.
[[0;32m  OK  [0m] Started Authenticate and Authorize Users to Run Privileged Tasks.
[[0;32m  OK  [0m] Started Accounts Service.
         Starting Terminate Plymouth Boot Screen...
         Starting Hold until boot process finishes up...
[[0;32m  OK  [0m] Started LSB: daemon to balance interrupts for SMP systems.
[   39.253149] cloud-init[1041]: Cloud-init v. 0.7.9 running 'modules:config' at Tue, 09 May 2017 04:01:16 +0000. Up 36.68 seconds.
[[0;32m  OK  [0m] Started LSB: automatic crash report generation.
[[0;32m  OK  [0m] Started Apply the settings specified in cloud-config.
[[0;32m  OK  [0m] Started Pollinate to seed the pseudo random number generator.
[[0;32m  OK  [0m] Started LSB: VirtualBox Linux Additions.
[[0;32m  OK  [0m] Started LSB: Set the CPU Frequency Scaling governor to "ondemand".
[[0;32m  OK  [0m] Started Terminate Plymouth Boot Screen.
[[0;32m  OK  [0m] Started Hold until boot process finishes up.
[[0;32m  OK  [0m] Created slice User Slice of ubuntu.
         Starting User Manager for UID 1000...
[[0;32m  OK  [0m] Started Session 1 of user ubuntu.
[[0;32m  OK  [0m] Started Getty on tty1.
         Starting Set console scheme...
[[0;32m  OK  [0m] Started Serial Getty on ttyS0.
[[0;32m  OK  [0m] Reached target Login Prompts.
[[0;32m  OK  [0m] Reached target Multi-User System.
         Starting Execute cloud user/final scripts...
[[0;32m  OK  [0m] Reached target Graphical Interface.
         Starting Update UTMP about System Runlevel Changes...
[[0;32m  OK  [0m] Started User Manager for UID 1000.
[[0;32m  OK  [0m] Started Set console scheme.
[[0;32m  OK  [0m] Started Update UTMP about System Runlevel Changes.
ci-info: no authorized ssh keys fingerprints found for user ubuntu.
<14>May  9 04:01:20 ec2: 
<14>May  9 04:01:20 ec2: #############################################################
<14>May  9 04:01:20 ec2: -----BEGIN SSH HOST KEY FINGERPRINTS-----
<14>May  9 04:01:20 ec2: 1024 SHA256:J+BYZGdsA2mVRHyQPp2Ueqwdwx2eFLi9McQYrRdeV+I root@ubuntu-xenial (DSA)
<14>May  9 04:01:20 ec2: 256 SHA256:vcf7oFI1EeQ8WjtnJ1lI9dCpE0KevSh1Pux5Lv6Ig2s root@ubuntu-xenial (ECDSA)
<14>May  9 04:01:20 ec2: 256 SHA256:bLqsGrur8o2hSKhEzWlGKRxvaef1SrhrP/pRmyXPPdE root@ubuntu-xenial (ED25519)
<14>May  9 04:01:20 ec2: 2048 SHA256:ZHF3aCQxQ1Ldyq/GAN4XHp6hdCSmmw3mr5w9Z4FkI/g root@ubuntu-xenial (RSA)
<14>May  9 04:01:20 ec2: -----END SSH HOST KEY FINGERPRINTS-----
<14>May  9 04:01:20 ec2: #############################################################
-----BEGIN SSH HOST KEY KEYS-----
ecdsa-sha2-nistp256 AAAAE2VjZHNhLXNoYTItbmlzdHAyNTYAAAAIbmlzdHAyNTYAAABBBNHE44ay4Jdy9krlltyGQecpg3Hf2z6eff/sRdIv6sghPt81ukRkG21Y7ELwRAas7VZtJjuXBhxIo1uVADVn7zw= root@ubuntu-xenial
ssh-ed25519 AAAAC3NzaC1lZDI1NTE5AAAAIFCQcWrAuORQKqQURUsSNSKn36hNptMRP9YrWUmRvTOJ root@ubuntu-xenial
ssh-rsa AAAAB3NzaC1yc2EAAAADAQABAAABAQDctjQdoIJi/i3cDVRYd7uT5kSB64wCrgjL1WrKtkmLvQjyM1eX9l6AZ8CsyVL5RM+fWDR8ST4gZkeB2bcxccuDJW8u2kpIWvV5NRBv1VXd0AgZGBH3wxMfAsqDAY9pUZ5eZRX6/ftul4UVLaKxMA9jlIHMzScPVa4Ng+r18l7gAn6mEd0s31BiA9LXDs44hBTdjXp12ywnh9exxxHKlGFGSDObimTi6kUVqZzY7PBTroj9qhrLe1sYfZytQGwj08vDC1Mw7uaq/0BRRcaxG+MGK6UB2yqhfmRVwDEjWLN99sDJADOVvaqJSCMK/Bt2sQDDjBWNPv8TJv3J7FPo57JJ root@ubuntu-xenial
-----END SSH HOST KEY KEYS-----
[   41.334763] cloud-init[1309]: Cloud-init v. 0.7.9 running 'modules:final' at Tue, 09 May 2017 04:01:20 +0000. Up 40.30 seconds.
[   41.448430] [cloud-init[0;32m  OK  [0m[1309]: ] ci-info: no authorized ssh keys fingerprints found for user ubuntu.Started Execute cloud user/final scripts.

[   41.449077] cloud-init[1309]: Cloud-init v. 0.7.9 finished at Tue, 09 May 2017 04:01:21 +0000. Datasource DataSourceNoCloud [seed=/dev/sdb][dsmode=net].  Up 41.32 seconds
[[0;32m  OK  [0m] Reached target Cloud-init target.

Ubuntu 16.04.2 LTS ubuntu-xenial ttyS0

ubuntu-xenial login: 